<?xml version="1.0" encoding="UTF-8"?>
<!-- Generated by org.testng.reporters.JUnitXMLReporter -->
<testsuite ignored="0" hostname="QST-NB85070" failures="0" tests="3" name="Default test" time="51.015" errors="0" timestamp="2024-10-10T07:33:59 MESZ">
  <testcase classname="SeleniumKursTest.SeleniumKursTestForm1" name="ftestForm1" time="50.879"/>
  <testcase classname="SeleniumKursTest.SeleniumKursTestForm1" name="ftestForm1" time="50.888"/>
  <testcase classname="SeleniumKursTest.SeleniumKursTestForm1" name="ftestForm1" time="50.906"/>
</testsuite> <!-- Default test -->
