<?xml version="1.0" encoding="UTF-8"?>
<testsuite xmlns:xsi="http://www.w3.org/2001/XMLSchema-instance" xsi:noNamespaceSchemaLocation="https://maven.apache.org/surefire/maven-surefire-plugin/xsd/surefire-test-report.xsd" version="3.0.2" name="SeleniumKursTest.TestFluentWaitSeleniumKursFirefox" time="85.837" tests="1" errors="0" skipped="0" failures="0">
  <properties>
[...]
</properties>
  <testcase name="test" classname="SeleniumKursTest.TestFluentWaitSeleniumKursFirefox" time="85.837">
    <system-out><![CDATA[Lade Webdriver...
...Test läuft...
...Schließe Webdriver
]]></system-out>
  </testcase>
</testsuite>