<?xml version="1.0" encoding="UTF-8"?>
<!-- Generated by org.testng.reporters.JUnitXMLReporter -->
<testsuite ignored="1" hostname="QST-NB85070" failures="0" tests="5" name="Test fuer Dependencies" time="0.56" errors="0" timestamp="2024-10-09T11:38:05 MESZ">
  <testcase classname="christophlichtblau.SeleniumKurs.tests.NewTest" name="f1" time="0.041"/>
  <testcase classname="christophlichtblau.SeleniumKurs.tests.NewTest" name="f3" time="0.009"/>
  <testcase classname="christophlichtblau.SeleniumKurs.tests.DependencyTest" name="preparedMethod1" time="0.007"/>
  <testcase classname="christophlichtblau.SeleniumKurs.tests.DependencyTest" name="preparedMethod2" time="0.007"/>
  <testcase classname="christophlichtblau.SeleniumKurs.tests.DependencyTest" name="methodFinal" time="0.015"/>
  <testcase classname="christophlichtblau.SeleniumKurs.tests.NewTest" name="f2" time="0.0">
    <ignored/>
  </testcase> <!-- f2 -->
</testsuite> <!-- Test fuer Dependencies -->
