<?xml version="1.0" encoding="UTF-8"?>
<!-- Generated by org.testng.reporters.JUnitXMLReporter -->
<testsuite ignored="3" hostname="QST-NB85070" failures="0" tests="6" name="Test fuer Groups" time="0.116" errors="0" timestamp="2024-10-09T11:17:52 MESZ">
  <testcase classname="christophlichtblau.SeleniumKurs.tests.NewTest" name="f1" time="0.017"/>
  <testcase classname="christophlichtblau.SeleniumKurs.tests.NewTest" name="f3" time="0.003"/>
  <testcase classname="christophlichtblau.SeleniumKurs.tests.NewTest2" name="g3" time="0.002"/>
  <testcase classname="christophlichtblau.SeleniumKurs.tests.NewTest2" name="g1" time="0.002"/>
  <testcase classname="christophlichtblau.SeleniumKurs.tests.NewTest3" name="x2" time="0.003"/>
  <testcase classname="christophlichtblau.SeleniumKurs.tests.NewTest3" name="x3" time="0.002"/>
  <testcase classname="christophlichtblau.SeleniumKurs.tests.NewTest" name="f2" time="0.0">
    <ignored/>
  </testcase> <!-- f2 -->
  <testcase classname="christophlichtblau.SeleniumKurs.tests.NewTest2" name="g2" time="0.0">
    <ignored/>
  </testcase> <!-- g2 -->
  <testcase classname="christophlichtblau.SeleniumKurs.tests.NewTest3" name="x1" time="0.0">
    <ignored/>
  </testcase> <!-- x1 -->
</testsuite> <!-- Test fuer Groups -->
