<?xml version="1.0" encoding="UTF-8"?>
<!-- Generated by org.testng.reporters.JUnitXMLReporter -->
<testsuite ignored="1" hostname="QST-NB85070" failures="0" tests="1" name="Test fuer Modul X" time="0.077" errors="0" timestamp="2024-10-09T09:48:48 MESZ">
  <testcase classname="christophlichtblau.SeleniumKurs.tests.NewTest" name="f1" time="0.01"/>
  <testcase classname="christophlichtblau.SeleniumKurs.tests.NewTest" name="f2" time="0.0">
    <ignored/>
  </testcase> <!-- f2 -->
</testsuite> <!-- Test fuer Modul X -->
