<?xml version="1.0" encoding="UTF-8"?>
<!-- Generated by org.testng.reporters.JUnitXMLReporter -->
<testsuite ignored="0" hostname="QST-NB85070" failures="0" tests="6" name="Test fuer Parameter1" time="46.597" errors="0" timestamp="2024-10-09T14:53:01 MESZ">
  <testcase classname="SeleniumKursTest.LoginSeleniumKursErfolgreich" name="testLogin" time="1.164"/>
  <testcase classname="SeleniumKursTest.LoginSeleniumKursErfolgreich" name="testLogin" time="1.072"/>
  <testcase classname="SeleniumKursTest.LoginSeleniumKursErfolgreich" name="testLogin" time="1.101"/>
  <testcase classname="SeleniumKursTest.LoginSeleniumKursFehlschlag" name="testLogin" time="0.754"/>
  <testcase classname="SeleniumKursTest.LoginSeleniumKursFehlschlag" name="testLogin" time="0.82"/>
  <testcase classname="SeleniumKursTest.LoginSeleniumKursFehlschlag" name="testLogin" time="0.785"/>
</testsuite> <!-- Test fuer Parameter1 -->
