<?xml version="1.0" encoding="UTF-8"?>
<!-- Generated by org.testng.reporters.JUnitXMLReporter -->
<testsuite ignored="0" hostname="QST-NB85070" failures="0" tests="3" name="Test fuer Parallelisierung1" time="0.181" errors="0" timestamp="2024-10-09T13:40:02 MESZ">
  <testcase classname="christophlichtblau.SeleniumKurs.tests.ParameterTest3" name="driverSetup2" time="0.022"/>
  <testcase classname="christophlichtblau.SeleniumKurs.tests.ParameterTest3" name="driverSetup2" time="0.008"/>
  <testcase classname="christophlichtblau.SeleniumKurs.tests.ParameterTest3" name="driverSetup2" time="0.011"/>
</testsuite> <!-- Test fuer Parallelisierung1 -->
